0 info it worked if it ends with ok
1 verbose cli [ 'node', '/usr/local/bin/npm', 'run', 'build_dev' ]
2 info using npm@1.4.28
3 info using node@v0.10.33
4 verbose run-script [ 'prebuild_dev', 'build_dev', 'postbuild_dev' ]
5 info prebuild_dev js@1.0.0
6 info build_dev js@1.0.0
7 verbose unsafe-perm in lifecycle true
8 info js@1.0.0 Failed to exec build_dev script
9 error js@1.0.0 build_dev: `browserify -d -t brfs main.js -o ../bundle.js &> browserify.log`
9 error Exit status 1
10 error Failed at the js@1.0.0 build_dev script.
10 error This is most likely a problem with the js package,
10 error not with npm itself.
10 error Tell the author that this fails on your system:
10 error     browserify -d -t brfs main.js -o ../bundle.js &> browserify.log
10 error You can get their info via:
10 error     npm owner ls js
10 error There is likely additional logging output above.
11 error System Darwin 14.1.0
12 error command "node" "/usr/local/bin/npm" "run" "build_dev"
13 error cwd /Users/bill/svg2d3/js
14 error node -v v0.10.33
15 error npm -v 1.4.28
16 error code ELIFECYCLE
17 verbose exit [ 1, true ]
